# JRE version: OpenJDK Runtime Environment (Zulu 8.56.0.23-CA-macos-aarch64) (8.0_302-b08) (build 1.8.0_302-b08)
# Java VM: OpenJDK 64-Bit Server VM (25.302-b08 mixed mode bsd-aarch64 compressed oops)
Heap:
 PSYoungGen      total 169472K, used 162482K [0x00000007aab00000, 0x00000007b7800000, 0x00000007c0000000)
  eden space 155136K, 95% used [0x00000007aab00000,0x00000007b3bb3718,0x00000007b4280000)
  from space 14336K, 99% used [0x00000007b4280000,0x00000007b50792d8,0x00000007b5080000)
  to   space 16896K, 0% used [0x00000007b6780000,0x00000007b6780000,0x00000007b7800000)
 ParOldGen       total 186880K, used 27119K [0x0000000780000000, 0x000000078b680000, 0x00000007aab00000)
  object space 186880K, 14% used [0x0000000780000000,0x0000000781a7bcc0,0x000000078b680000)
 Metaspace       used 101979K, capacity 116472K, committed 116704K, reserved 1150976K
  class space    used 14654K, capacity 16009K, committed 16096K, reserved 1048576K
GC Heap History (10 events):
Event: 4.100 GC heap before
{Heap before GC invocations=17 (full 3):
 PSYoungGen      total 121344K, used 121332K [0x00000007aab00000, 0x00000007b4500000, 0x00000007c0000000)
  eden space 109056K, 100% used [0x00000007aab00000,0x00000007b1580000,0x00000007b1580000)
  from space 12288K, 99% used [0x00000007b1580000,0x00000007b217d1c8,0x00000007b2180000)
  to   space 15872K, 0% used [0x00000007b3580000,0x00000007b3580000,0x00000007b4500000)
 ParOldGen       total 138752K, used 23536K [0x0000000780000000, 0x0000000788780000, 0x00000007aab00000)
  object space 138752K, 16% used [0x0000000780000000,0x00000007816fc170,0x0000000788780000)
 Metaspace       used 85568K, capacity 94271K, committed 94432K, reserved 1130496K
  class space    used 12137K, capacity 12983K, committed 13024K, reserved 1048576K
Event: 4.106 GC heap after
Heap after GC invocations=17 (full 3):
 PSYoungGen      total 142336K, used 8411K [0x00000007aab00000, 0x00000007b4800000, 0x00000007c0000000)
  eden space 126464K, 0% used [0x00000007aab00000,0x00000007aab00000,0x00000007b2680000)
  from space 15872K, 52% used [0x00000007b3580000,0x00000007b3db6c38,0x00000007b4500000)
  to   space 15360K, 0% used [0x00000007b2680000,0x00000007b2680000,0x00000007b3580000)
 ParOldGen       total 138752K, used 26644K [0x0000000780000000, 0x0000000788780000, 0x00000007aab00000)
  object space 138752K, 19% used [0x0000000780000000,0x0000000781a05138,0x0000000788780000)
 Metaspace       used 85568K, capacity 94271K, committed 94432K, reserved 1130496K
  class space    used 12137K, capacity 12983K, committed 13024K, reserved 1048576K
}
Event: 4.176 GC heap before
{Heap before GC invocations=18 (full 3):
 PSYoungGen      total 142336K, used 105129K [0x00000007aab00000, 0x00000007b4800000, 0x00000007c0000000)
  eden space 126464K, 76% used [0x00000007aab00000,0x00000007b09738c8,0x00000007b2680000)
  from space 15872K, 52% used [0x00000007b3580000,0x00000007b3db6c38,0x00000007b4500000)
  to   space 15360K, 0% used [0x00000007b2680000,0x00000007b2680000,0x00000007b3580000)
 ParOldGen       total 138752K, used 26644K [0x0000000780000000, 0x0000000788780000, 0x00000007aab00000)
  object space 138752K, 19% used [0x0000000780000000,0x0000000781a05138,0x0000000788780000)
 Metaspace       used 87386K, capacity 98374K, committed 98400K, reserved 1134592K
  class space    used 12557K, capacity 13766K, committed 13792K, reserved 1048576K
Event: 4.180 GC heap after
Heap after GC invocations=18 (full 3):
 PSYoungGen      total 141824K, used 8368K [0x00000007aab00000, 0x00000007b6380000, 0x00000007c0000000)
  eden space 126464K, 0% used [0x00000007aab00000,0x00000007aab00000,0x00000007b2680000)
  from space 15360K, 54% used [0x00000007b2680000,0x00000007b2eac3a8,0x00000007b3580000)
  to   space 14848K, 0% used [0x00000007b5500000,0x00000007b5500000,0x00000007b6380000)
 ParOldGen       total 138752K, used 26652K [0x0000000780000000, 0x0000000788780000, 0x00000007aab00000)
  object space 138752K, 19% used [0x0000000780000000,0x0000000781a07138,0x0000000788780000)
 Metaspace       used 87386K, capacity 98374K, committed 98400K, reserved 1134592K
  class space    used 12557K, capacity 13766K, committed 13792K, reserved 1048576K
}
Event: 4.180 GC heap before
{Heap before GC invocations=19 (full 4):
 PSYoungGen      total 141824K, used 8368K [0x00000007aab00000, 0x00000007b6380000, 0x00000007c0000000)
  eden space 126464K, 0% used [0x00000007aab00000,0x00000007aab00000,0x00000007b2680000)
  from space 15360K, 54% used [0x00000007b2680000,0x00000007b2eac3a8,0x00000007b3580000)
  to   space 14848K, 0% used [0x00000007b5500000,0x00000007b5500000,0x00000007b6380000)
 ParOldGen       total 138752K, used 26652K [0x0000000780000000, 0x0000000788780000, 0x00000007aab00000)
  object space 138752K, 19% used [0x0000000780000000,0x0000000781a07138,0x0000000788780000)
 Metaspace       used 87386K, capacity 98374K, committed 98400K, reserved 1134592K
  class space    used 12557K, capacity 13766K, committed 13792K, reserved 1048576K
Event: 4.225 GC heap after
Heap after GC invocations=19 (full 4):
 PSYoungGen      total 141824K, used 0K [0x00000007aab00000, 0x00000007b6380000, 0x00000007c0000000)
  eden space 126464K, 0% used [0x00000007aab00000,0x00000007aab00000,0x00000007b2680000)
  from space 15360K, 0% used [0x00000007b2680000,0x00000007b2680000,0x00000007b3580000)
  to   space 14848K, 0% used [0x00000007b5500000,0x00000007b5500000,0x00000007b6380000)
 ParOldGen       total 186880K, used 25358K [0x0000000780000000, 0x000000078b680000, 0x00000007aab00000)
  object space 186880K, 13% used [0x0000000780000000,0x00000007818c3810,0x000000078b680000)
 Metaspace       used 85043K, capacity 92994K, committed 98400K, reserved 1134592K
  class space    used 11969K, capacity 12722K, committed 13792K, reserved 1048576K
}
Event: 5.139 GC heap before
{Heap before GC invocations=20 (full 4):
 PSYoungGen      total 141824K, used 126464K [0x00000007aab00000, 0x00000007b6380000, 0x00000007c0000000)
  eden space 126464K, 100% used [0x00000007aab00000,0x00000007b2680000,0x00000007b2680000)
  from space 15360K, 0% used [0x00000007b2680000,0x00000007b2680000,0x00000007b3580000)
  to   space 14848K, 0% used [0x00000007b5500000,0x00000007b5500000,0x00000007b6380000)
 ParOldGen       total 186880K, used 25358K [0x0000000780000000, 0x000000078b680000, 0x00000007aab00000)
  object space 186880K, 13% used [0x0000000780000000,0x00000007818c3810,0x000000078b680000)
 Metaspace       used 90234K, capacity 101498K, committed 101984K, reserved 1136640K
  class space    used 12900K, capacity 13991K, committed 14176K, reserved 1048576K
Event: 5.143 GC heap after
Heap after GC invocations=20 (full 4):
 PSYoungGen      total 164864K, used 6595K [0x00000007aab00000, 0x00000007b5e80000, 0x00000007c0000000)
  eden space 155136K, 0% used [0x00000007aab00000,0x00000007aab00000,0x00000007b4280000)
  from space 9728K, 67% used [0x00000007b5500000,0x00000007b5b70d28,0x00000007b5e80000)
  to   space 14336K, 0% used [0x00000007b4280000,0x00000007b4280000,0x00000007b5080000)
 ParOldGen       total 186880K, used 25366K [0x0000000780000000, 0x000000078b680000, 0x00000007aab00000)
  object space 186880K, 13% used [0x0000000780000000,0x00000007818c5810,0x000000078b680000)
 Metaspace       used 90234K, capacity 101498K, committed 101984K, reserved 1136640K
  class space    used 12900K, capacity 13991K, committed 14176K, reserved 1048576K
}
Event: 7.612 GC heap before
{Heap before GC invocations=21 (full 4):
 PSYoungGen      total 164864K, used 161731K [0x00000007aab00000, 0x00000007b5e80000, 0x00000007c0000000)
  eden space 155136K, 100% used [0x00000007aab00000,0x00000007b4280000,0x00000007b4280000)
  from space 9728K, 67% used [0x00000007b5500000,0x00000007b5b70d28,0x00000007b5e80000)
  to   space 14336K, 0% used [0x00000007b4280000,0x00000007b4280000,0x00000007b5080000)
 ParOldGen       total 186880K, used 25366K [0x0000000780000000, 0x000000078b680000, 0x00000007aab00000)
  object space 186880K, 13% used [0x0000000780000000,0x00000007818c5810,0x000000078b680000)
 Metaspace       used 99624K, capacity 113596K, committed 113760K, reserved 1146880K
  class space    used 14359K, capacity 15694K, committed 15712K, reserved 1048576K
Event: 7.627 GC heap after
Heap after GC invocations=21 (full 4):
 PSYoungGen      total 169472K, used 14308K [0x00000007aab00000, 0x00000007b7800000, 0x00000007c0000000)
  eden space 155136K, 0% used [0x00000007aab00000,0x00000007aab00000,0x00000007b4280000)
  from space 14336K, 99% used [0x00000007b4280000,0x00000007b50792d8,0x00000007b5080000)
  to   space 16896K, 0% used [0x00000007b6780000,0x00000007b6780000,0x00000007b7800000)
 ParOldGen       total 186880K, used 27119K [0x0000000780000000, 0x000000078b680000, 0x00000007aab00000)
  object space 186880K, 14% used [0x0000000780000000,0x0000000781a7bcc0,0x000000078b680000)
 Metaspace       used 99624K, capacity 113596K, committed 113760K, reserved 1146880K
  class space    used 14359K, capacity 15694K, committed 15712K, reserved 1048576K
}

